2016/06/30 10:55:44,1485,UBO- Loading Login Page,200,OK,Thread Group 1-2,text,true,,4135,10,10,0,0
2016/06/30 10:55:45,2264,UBO-Log into application,200,OK,Thread Group 1-2,text,true,,4136,10,10,0,0
2016/06/30 10:55:48,1067,Owners Summary,200,OK,Thread Group 1-2,text,true,,14334,10,10,0,0
2016/06/30 10:55:49,1493,Owners Graph,200,OK,Thread Group 1-2,text,true,,53535,10,10,0,0
2016/06/30 10:55:50,569,Subsidiary Summary,200,OK,Thread Group 1-2,text,true,,13316,10,10,0,0
2016/06/30 10:55:50,1529,UBO- Loading Login Page,200,OK,Thread Group 1-1,text,true,,4135,10,10,0,0
2016/06/30 10:55:51,1168,Subsidiary Graph,200,OK,Thread Group 1-2,text,true,,43033,10,10,0,0
2016/06/30 10:55:52,560,Entity Details,200,OK,Thread Group 1-2,text,true,,6566,10,10,0,0
2016/06/30 10:55:53,1077,Group Structure Summary,200,OK,Thread Group 1-2,text,true,,18856,10,10,0,0
2016/06/30 10:55:51,2528,UBO-Log into application,200,OK,Thread Group 1-1,text,true,,4136,10,10,0,0
2016/06/30 10:55:54,1098,Group Structure Graph,200,OK,Thread Group 1-2,text,true,,86496,10,10,0,0
2016/06/30 10:55:54,1588,Owners Summary,200,OK,Thread Group 1-1,text,true,,10857,9,9,0,0
2016/06/30 10:55:56,1634,UBO- Loading Login Page,200,OK,Thread Group 1-10,text,true,,4135,9,9,0,0
2016/06/30 10:55:56,2309,Owners Graph,200,OK,Thread Group 1-1,text,true,,534780,9,9,0,0
2016/06/30 10:55:58,2337,UBO-Log into application,200,OK,Thread Group 1-10,text,true,,4136,9,9,0,0
2016/06/30 10:55:58,2388,Subsidiary Summary,200,OK,Thread Group 1-1,text,true,,480450,9,9,0,0
2016/06/30 10:56:00,1068,Owners Summary,200,OK,Thread Group 1-10,text,true,,14334,9,9,0,0
2016/06/30 10:56:01,720,Owners Graph,200,OK,Thread Group 1-10,text,true,,55847,9,9,0,0
2016/06/30 10:56:02,566,Subsidiary Summary,200,OK,Thread Group 1-10,text,true,,13316,9,9,0,0
2016/06/30 10:56:03,560,Subsidiary Graph,200,OK,Thread Group 1-10,text,true,,42888,9,9,0,0
2016/06/30 10:56:03,550,Entity Details,200,OK,Thread Group 1-10,text,true,,6566,9,9,0,0
2016/06/30 10:56:04,613,Group Structure Summary,200,OK,Thread Group 1-10,text,true,,18856,9,9,0,0
2016/06/30 10:56:01,3926,Subsidiary Graph,200,OK,Thread Group 1-1,text,true,,2169383,9,9,0,0
2016/06/30 10:56:04,1561,UBO- Loading Login Page,200,OK,Thread Group 1-9,text,true,,4135,9,9,0,0
2016/06/30 10:56:04,1077,Group Structure Graph,200,OK,Thread Group 1-10,text,true,,87024,9,9,0,0
2016/06/30 10:56:05,793,Entity Details,200,OK,Thread Group 1-1,text,true,,27718,8,8,0,0
2016/06/30 10:56:05,2705,UBO-Log into application,200,OK,Thread Group 1-9,text,true,,4136,8,8,0,0
2016/06/30 10:56:08,1214,Owners Summary,200,OK,Thread Group 1-9,text,true,,10857,8,8,0,0
2016/06/30 10:56:06,4367,Group Structure Summary,200,OK,Thread Group 1-1,text,true,,1029808,8,8,0,0
2016/06/30 10:56:09,2270,Owners Graph,200,OK,Thread Group 1-9,text,true,,534780,8,8,0,0
2016/06/30 10:56:12,2188,UBO- Loading Login Page,200,OK,Thread Group 1-8,text,true,,4135,8,8,0,0
2016/06/30 10:56:12,2501,Subsidiary Summary,200,OK,Thread Group 1-9,text,true,,480450,8,8,0,0
2016/06/30 10:56:14,2295,UBO-Log into application,200,OK,Thread Group 1-8,text,true,,4136,8,8,0,0
2016/06/30 10:56:11,4902,Group Structure Graph,200,OK,Thread Group 1-1,text,true,,2698970,8,8,0,0
2016/06/30 10:56:17,1058,Owners Summary,200,OK,Thread Group 1-8,text,true,,14334,7,7,0,0
2016/06/30 10:56:18,644,Owners Graph,200,OK,Thread Group 1-8,text,true,,54641,7,7,0,0
2016/06/30 10:56:15,3742,Subsidiary Graph,200,OK,Thread Group 1-9,text,true,,2169383,7,7,0,0
2016/06/30 10:56:19,567,Subsidiary Summary,200,OK,Thread Group 1-8,text,true,,13316,7,7,0,0
2016/06/30 10:56:19,565,Subsidiary Graph,200,OK,Thread Group 1-8,text,true,,42919,7,7,0,0
2016/06/30 10:56:19,737,Entity Details,200,OK,Thread Group 1-9,text,true,,27718,7,7,0,0
2016/06/30 10:56:20,618,Entity Details,200,OK,Thread Group 1-8,text,true,,6566,7,7,0,0
2016/06/30 10:56:20,778,Group Structure Summary,200,OK,Thread Group 1-8,text,true,,18856,7,7,0,0
2016/06/30 10:56:20,1932,UBO- Loading Login Page,200,OK,Thread Group 1-7,text,true,,4135,7,7,0,0
2016/06/30 10:56:21,854,Group Structure Graph,200,OK,Thread Group 1-8,text,true,,86862,7,7,0,0
2016/06/30 10:56:22,1646,UBO-Log into application,200,OK,Thread Group 1-7,text,true,,4136,6,6,0,0
2016/06/30 10:56:20,4212,Group Structure Summary,200,OK,Thread Group 1-9,text,true,,1029808,6,6,0,0
2016/06/30 10:56:24,1050,Owners Summary,200,OK,Thread Group 1-7,text,true,,10857,6,6,0,0
2016/06/30 10:56:25,2964,Owners Graph,200,OK,Thread Group 1-7,text,true,,534780,6,6,0,0
2016/06/30 10:56:27,1622,UBO- Loading Login Page,200,OK,Thread Group 1-6,text,true,,4135,6,6,0,0
2016/06/30 10:56:28,1946,UBO-Log into application,200,OK,Thread Group 1-6,text,true,,4136,6,6,0,0
2016/06/30 10:56:28,2387,Subsidiary Summary,200,OK,Thread Group 1-7,text,true,,480450,6,6,0,0
2016/06/30 10:56:24,5599,Group Structure Graph,200,OK,Thread Group 1-9,text,true,,2698970,6,6,0,0
2016/06/30 10:56:30,1096,Owners Summary,200,OK,Thread Group 1-6,text,true,,14334,5,5,0,0
2016/06/30 10:56:32,620,Owners Graph,200,OK,Thread Group 1-6,text,true,,55613,5,5,0,0
2016/06/30 10:56:32,573,Subsidiary Summary,200,OK,Thread Group 1-6,text,true,,13316,5,5,0,0
2016/06/30 10:56:33,604,Subsidiary Graph,200,OK,Thread Group 1-6,text,true,,43009,5,5,0,0
2016/06/30 10:56:34,635,Entity Details,200,OK,Thread Group 1-6,text,true,,6566,5,5,0,0
2016/06/30 10:56:34,576,Group Structure Summary,200,OK,Thread Group 1-6,text,true,,18856,5,5,0,0
2016/06/30 10:56:31,4135,Subsidiary Graph,200,OK,Thread Group 1-7,text,true,,2169383,5,5,0,0
2016/06/30 10:56:35,826,Group Structure Graph,200,OK,Thread Group 1-6,text,true,,86860,5,5,0,0
2016/06/30 10:56:35,1570,UBO- Loading Login Page,200,OK,Thread Group 1-5,text,true,,4135,4,4,0,0
2016/06/30 10:56:36,1304,Entity Details,200,OK,Thread Group 1-7,text,true,,27718,4,4,0,0
2016/06/30 10:56:36,3513,UBO-Log into application,200,OK,Thread Group 1-5,text,true,,4136,4,4,0,0
2016/06/30 10:56:40,101,Owners Summary,200,OK,Thread Group 1-5,text,true,,4008,4,4,0,0
2016/06/30 10:56:37,3909,Group Structure Summary,200,OK,Thread Group 1-7,text,true,,1029808,4,4,0,0
2016/06/30 10:56:40,2819,Owners Graph,200,OK,Thread Group 1-5,text,true,,534780,4,4,0,0
2016/06/30 10:56:43,1880,UBO- Loading Login Page,200,OK,Thread Group 1-4,text,true,,4135,4,4,0,0
2016/06/30 10:56:43,2900,Subsidiary Summary,200,OK,Thread Group 1-5,text,true,,480450,4,4,0,0
2016/06/30 10:56:41,5035,Group Structure Graph,200,OK,Thread Group 1-7,text,true,,2698970,4,4,0,0
2016/06/30 10:56:45,2219,UBO-Log into application,200,OK,Thread Group 1-4,text,true,,4136,3,3,0,0
2016/06/30 10:56:47,1062,Owners Summary,200,OK,Thread Group 1-4,text,true,,14334,3,3,0,0
2016/06/30 10:56:48,737,Owners Graph,200,OK,Thread Group 1-4,text,true,,55995,3,3,0,0
2016/06/30 10:56:49,696,Subsidiary Summary,200,OK,Thread Group 1-4,text,true,,13316,3,3,0,0
2016/06/30 10:56:50,575,Subsidiary Graph,200,OK,Thread Group 1-4,text,true,,42897,3,3,0,0
2016/06/30 10:56:46,3930,Subsidiary Graph,200,OK,Thread Group 1-5,text,true,,2169383,3,3,0,0
2016/06/30 10:56:51,552,Entity Details,200,OK,Thread Group 1-4,text,true,,6566,3,3,0,0
2016/06/30 10:56:51,632,Entity Details,200,OK,Thread Group 1-5,text,true,,27718,3,3,0,0
2016/06/30 10:56:51,544,Group Structure Summary,200,OK,Thread Group 1-4,text,true,,18856,3,3,0,0
2016/06/30 10:56:52,1314,Group Structure Graph,200,OK,Thread Group 1-4,text,true,,86826,3,3,0,0
2016/06/30 10:56:51,2087,UBO- Loading Login Page,200,OK,Thread Group 1-3,text,true,,4135,2,2,0,0
2016/06/30 10:56:53,2384,UBO-Log into application,200,OK,Thread Group 1-3,text,true,,4136,2,2,0,0
2016/06/30 10:56:56,540,Owners Summary,200,OK,Thread Group 1-3,text,true,,4008,2,2,0,0
2016/06/30 10:56:51,4512,Group Structure Summary,200,OK,Thread Group 1-5,text,true,,1029808,2,2,0,0
2016/06/30 10:56:56,3542,Owners Graph,200,OK,Thread Group 1-3,text,true,,534780,2,2,0,0
2016/06/30 10:56:56,4956,Group Structure Graph,200,OK,Thread Group 1-5,text,true,,2698970,2,2,0,0
2016/06/30 10:57:00,2294,Subsidiary Summary,200,OK,Thread Group 1-3,text,true,,480450,1,1,0,0
2016/06/30 10:57:03,3610,Subsidiary Graph,200,OK,Thread Group 1-3,text,true,,2169383,1,1,0,0
2016/06/30 10:57:07,569,Entity Details,200,OK,Thread Group 1-3,text,true,,27718,1,1,0,0
2016/06/30 10:57:08,3827,Group Structure Summary,200,OK,Thread Group 1-3,text,true,,1029808,1,1,0,0
2016/06/30 10:57:12,4356,Group Structure Graph,200,OK,Thread Group 1-3,text,true,,2698970,1,1,0,0
